[2020-10-20 01:30:51] START
[2020-10-20 01:31:52] CREATE produtos.py: 0
[2020-10-20 01:43:41] EDIT EsteEuQuero/models/produtos.py: 5
[2020-10-20 01:44:54] DELETE EsteEuQuero/models/produtos.py: -5
[2020-10-20 01:45:04] CREATE produto.py: 0
[2020-10-20 01:45:19] EDIT EsteEuQuero/models/produto.py: 5
[2020-10-20 01:47:03] EDIT EsteEuQuero/controllers/default.py: 3
[2020-10-20 01:47:35] CREATE default/pagprod.html: 0
[2020-10-20 01:58:48] EDIT EsteEuQuero/models/produto.py: 42
[2020-10-20 02:01:22] EDIT EsteEuQuero/models/produto.py: -44
[2020-10-20 02:04:21] EDIT EsteEuQuero/models/produto.py: 0
[2020-10-20 02:05:31] EDIT EsteEuQuero/models/produto.py: 0
[2020-10-20 02:05:37] EDIT EsteEuQuero/models/produto.py: 0
[2020-10-20 02:06:02] EDIT EsteEuQuero/controllers/default.py: 0
[2020-10-20 02:06:29] EDIT EsteEuQuero/controllers/default.py: 0
[2020-10-20 02:10:11] EDIT EsteEuQuero/views/default/pagprod.html: 9
[2020-10-20 02:12:05] EDIT EsteEuQuero/views/default/pagprod.html: -1
[2020-10-20 02:12:28] EDIT EsteEuQuero/views/default/pagprod.html: 0
[2020-10-20 02:12:35] EDIT EsteEuQuero/views/default/pagprod.html: 0
[2020-10-20 02:13:04] EDIT EsteEuQuero/views/default/pagprod.html: -2
[2020-10-20 02:14:51] EDIT EsteEuQuero/views/default/pagprod.html: 2
[2020-10-20 02:15:28] EDIT EsteEuQuero/views/default/pagprod.html: 1
[2020-10-20 02:15:45] EDIT EsteEuQuero/views/default/pagprod.html: 0
[2020-10-20 02:15:47] EDIT EsteEuQuero/views/default/pagprod.html: 0
[2020-10-20 02:50:17] EDIT EsteEuQuero/views/default/pagprod.html: 4
[2020-10-20 02:50:48] EDIT EsteEuQuero/views/default/pagprod.html: 0
[2020-10-20 02:51:15] EDIT EsteEuQuero/views/default/pagprod.html: -2
[2020-10-20 12:21:37] EDIT EsteEuQuero/views/default/pagprod.html: 2
[2020-10-20 12:24:30] EDIT EsteEuQuero/views/default/pagprod.html: 2
[2020-11-17 16:40:52] EDIT EsteEuQuero/views/default/index.html: 0
[2020-11-17 16:48:20] EDIT EsteEuQuero/controllers/default.py: 2
[2020-11-17 16:51:10] EDIT EsteEuQuero/views/default/index.html: -17
[2020-11-17 16:52:15] EDIT EsteEuQuero/controllers/default.py: 0
[2020-11-17 16:52:26] EDIT EsteEuQuero/controllers/default.py: 0
[2020-11-17 16:53:35] EDIT EsteEuQuero/controllers/default.py: 0
[2020-11-17 16:54:42] EDIT EsteEuQuero/controllers/default.py: 0
[2020-11-17 16:55:06] EDIT EsteEuQuero/controllers/default.py: 0
[2020-11-17 16:56:54] EDIT EsteEuQuero/models/menu.py: -29
[2020-11-17 16:57:15] EDIT EsteEuQuero/models/menu.py: -23
[2020-11-17 16:58:02] EDIT EsteEuQuero/models/menu.py: -38
[2020-11-17 16:58:40] EDIT EsteEuQuero/views/layout.html: 0
